<?xml version="1.0" encoding="UTF-8"?>
<!-- Generated by org.testng.reporters.JUnitXMLReporter -->
<testsuite hostname="DESKTOP-5D229M9" ignored="0" name="ChromeTest" tests="2" failures="0" timestamp="11 Jun 2021 19:38:37 GMT" time="17.188" errors="0">
  <testcase name="verifyUserLoginWithCorrectCredentals" time="1.596" classname="tests.LoginTest_HelloWorld"/>
  <testcase name="verifyUserLoginWithIncorrectCredentals" time="1.314" classname="tests.LoginTest_HelloWorld"/>
</testsuite> <!-- ChromeTest -->
