<?xml version="1.0" encoding="UTF-8"?>
<!-- Generated by org.testng.reporters.JUnitXMLReporter -->
<testsuite hostname="DESKTOP-5D229M9" ignored="0" name="EdgeTest" tests="2" failures="0" timestamp="11 Jun 2021 19:38:35 GMT" time="15.328" errors="0">
  <testcase name="verifyUserLoginWithCorrectCredentals" time="1.715" classname="tests.LoginTest_HelloWorld"/>
  <testcase name="verifyUserLoginWithIncorrectCredentals" time="1.641" classname="tests.LoginTest_HelloWorld"/>
</testsuite> <!-- EdgeTest -->
