<?xml version="1.0" encoding="UTF-8"?>
<!-- Generated by org.testng.reporters.JUnitXMLReporter -->
<testsuite hostname="DESKTOP-5D229M9" ignored="0" name="FirefoxTest" tests="2" failures="0" timestamp="11 Jun 2021 19:38:42 GMT" time="22.384" errors="0">
  <testcase name="verifyUserLoginWithCorrectCredentals" time="1.494" classname="tests.LoginTest_HelloWorld"/>
  <testcase name="verifyUserLoginWithIncorrectCredentals" time="0.868" classname="tests.LoginTest_HelloWorld"/>
</testsuite> <!-- FirefoxTest -->
